Using pre-set license
Built from '2020.3/staging' branch; Version is '2020.3.5f1 (8095aa901b9b) revision 8426922'; Using compiler version '192528614'; Build Type 'Release'
OS: 'Windows 10 Pro; OS build 18363.1556; Version 1909; 64bit' Language: 'fr' Physical Memory: 8035 MB
BatchMode: 1, IsHumanControllingUs: 0, StartBugReporterOnCrash: 0, Is64bit: 1, IsPro: 0

 COMMAND LINE ARGUMENTS:
C:\Program Files\Unity\Hub\Editor\2020.3.5f1\Editor\Unity.exe
-adb2
-batchMode
-noUpm
-name
AssetImportWorker0
-projectPath
C:/Users/jacqjoh/Documents/GitHub/2021-JER-PO-Robocalypse/robocalypse-3d
-logFile
Logs/AssetImportWorker0.log
-srvPort
57868
Successfully changed project path to: C:/Users/jacqjoh/Documents/GitHub/2021-JER-PO-Robocalypse/robocalypse-3d
C:/Users/jacqjoh/Documents/GitHub/2021-JER-PO-Robocalypse/robocalypse-3d
Using Asset Import Pipeline V2.
Refreshing native plugins compatible for Editor in 125.90 ms, found 0 plugins.
Preloading 0 native plugins for Editor in 0.00 ms.
Initialize engine version: 2020.3.5f1 (8095aa901b9b)
[Subsystems] Discovering subsystems at path C:/Program Files/Unity/Hub/Editor/2020.3.5f1/Editor/Data/Resources/UnitySubsystems
[Subsystems] Discovering subsystems at path C:/Users/jacqjoh/Documents/GitHub/2021-JER-PO-Robocalypse/robocalypse-3d/Assets
GfxDevice: creating device client; threaded=0
Direct3D:
    Version:  Direct3D 11.0 [level 11.1]
    Renderer: Intel(R) UHD Graphics 620 (ID=0x5917)
    Vendor:   
    VRAM:     4017 MB
    Driver:   25.20.100.6472
Initialize mono
Mono path[0] = 'C:/Program Files/Unity/Hub/Editor/2020.3.5f1/Editor/Data/Managed'
Mono path[1] = 'C:/Program Files/Unity/Hub/Editor/2020.3.5f1/Editor/Data/MonoBleedingEdge/lib/mono/unityjit'
Mono config path = 'C:/Program Files/Unity/Hub/Editor/2020.3.5f1/Editor/Data/MonoBleedingEdge/etc'
Using monoOptions --debugger-agent=transport=dt_socket,embedding=1,server=y,suspend=n,address=127.0.0.1:56864
Begin MonoManager ReloadAssembly
Registering precompiled unity dll's ...
Register platform support module: C:/Program Files/Unity/Hub/Editor/2020.3.5f1/Editor/Data/PlaybackEngines/WindowsStandaloneSupport/UnityEditor.WindowsStandalone.Extensions.dll
Registered in 0.014046 seconds.
Native extension for WindowsStandalone target not found
Refreshing native plugins compatible for Editor in 85.87 ms, found 0 plugins.
Preloading 0 native plugins for Editor in 0.00 ms.
Mono: successfully reloaded assembly
- Completed reload, in  6.146 seconds
Platform modules already initialized, skipping
Registering precompiled user dll's ...
Registered in 0.004609 seconds.
Begin MonoManager ReloadAssembly
Native extension for WindowsStandalone target not found
Refreshing native plugins compatible for Editor in 0.82 ms, found 0 plugins.
Preloading 0 native plugins for Editor in 0.00 ms.
Mono: successfully reloaded assembly
- Completed reload, in  4.776 seconds
Platform modules already initialized, skipping
========================================================================
Worker process is ready to serve import requests
Launched and connected shader compiler UnityShaderCompiler.exe after 0.37 seconds
Refreshing native plugins compatible for Editor in 1.23 ms, found 0 plugins.
Preloading 0 native plugins for Editor in 0.00 ms.
Unloading 1482 Unused Serialized files (Serialized files now loaded: 0)
System memory in use before: 72.6 MB.
System memory in use after: 72.7 MB.

Unloading 67 unused Assets to reduce memory usage. Loaded Objects now: 1920.
Total: 9.248000 ms (FindLiveObjects: 0.580400 ms CreateObjectMapping: 0.291800 ms MarkObjects: 7.536700 ms  DeleteObjects: 0.834600 ms)

========================================================================
Received Import Request.
  path: Assets/ANIMATION.gif
  artifactKey: Guid(2eced6c4a11ae0949bb4820dd1be7ec1) Importer(815301076,1909f56bfc062723c751e8b465ee728b)
Start importing Assets/ANIMATION.gif using Guid(2eced6c4a11ae0949bb4820dd1be7ec1) Importer(815301076,1909f56bfc062723c751e8b465ee728b)  -> (artifact id: '813f5e79909d1ce36550a7b0e58a6ef2') in 0.630752 seconds
  Import took 0.638465 seconds .

========================================================================
Received Import Request.
  Time since last request: 1.065635 seconds.
  path: Assets/Imports/Script/HUDCurrentWeapon.cs
  artifactKey: Guid(7bf2d5eb4ad0f02468b5cd7c155adc2a) Importer(815301076,1909f56bfc062723c751e8b465ee728b)
Start importing Assets/Imports/Script/HUDCurrentWeapon.cs using Guid(7bf2d5eb4ad0f02468b5cd7c155adc2a) Importer(815301076,1909f56bfc062723c751e8b465ee728b)  -> (artifact id: 'f2950808d1c13383fe887ab4a2330116') in 0.168415 seconds
  Import took 0.177193 seconds .

========================================================================
Received Prepare
Registering precompiled user dll's ...
Registered in 0.003278 seconds.
Begin MonoManager ReloadAssembly
Native extension for WindowsStandalone target not found
Refreshing native plugins compatible for Editor in 0.67 ms, found 0 plugins.
Preloading 0 native plugins for Editor in 0.00 ms.
Warning: Annotation not found!
UnityEngine.StackTraceUtility:ExtractStackTrace ()
UnityEditor.ProBuilder.EditorUtility:SetGizmoIconEnabled (System.Type,bool) (at Library/PackageCache/com.unity.probuilder@4.5.0/Editor/EditorCore/EditorUtility.cs:593)
UnityEditor.ProBuilder.HierarchyListener:.cctor () (at Library/PackageCache/com.unity.probuilder@4.5.0/Editor/EditorCore/HierarchyListener.cs:21)
System.Runtime.CompilerServices.RuntimeHelpers:RunClassConstructor (System.RuntimeTypeHandle)
UnityEditor.EditorAssemblies:ProcessInitializeOnLoadAttributes (System.Type[])

[Library/PackageCache/com.unity.probuilder@4.5.0/Editor/EditorCore/EditorUtility.cs line 593]

Mono: successfully reloaded assembly
- Completed reload, in  3.097 seconds
Platform modules already initialized, skipping
Refreshing native plugins compatible for Editor in 0.42 ms, found 0 plugins.
Preloading 0 native plugins for Editor in 0.00 ms.
Unloading 1449 Unused Serialized files (Serialized files now loaded: 0)
System memory in use before: 72.9 MB.
System memory in use after: 73.0 MB.

Unloading 5 unused Assets to reduce memory usage. Loaded Objects now: 1930.
Total: 3.631000 ms (FindLiveObjects: 0.332200 ms CreateObjectMapping: 0.090100 ms MarkObjects: 3.102000 ms  DeleteObjects: 0.104200 ms)

========================================================================
Received Import Request.
  Time since last request: 13.168437 seconds.
  path: Assets/Imports/Script
  artifactKey: Guid(8453654d110963943946399579759249) Importer(815301076,1909f56bfc062723c751e8b465ee728b)
Start importing Assets/Imports/Script using Guid(8453654d110963943946399579759249) Importer(815301076,1909f56bfc062723c751e8b465ee728b)  -> (artifact id: '2bb4db4bd9b7b9936c87cc31229d175f') in 0.037880 seconds
  Import took 0.044466 seconds .

========================================================================
Received Import Request.
  Time since last request: 11.424597 seconds.
  path: Assets/Imports/Script/HUDCurrentBuff.cs
  artifactKey: Guid(b400a8c3ac1698842a0009afe13d1ad3) Importer(815301076,1909f56bfc062723c751e8b465ee728b)
Start importing Assets/Imports/Script/HUDCurrentBuff.cs using Guid(b400a8c3ac1698842a0009afe13d1ad3) Importer(815301076,1909f56bfc062723c751e8b465ee728b)  -> (artifact id: '041c42d5ecad1c76b7e05408a44127ed') in 0.032980 seconds
  Import took 0.040238 seconds .

========================================================================
Received Prepare
Registering precompiled user dll's ...
Registered in 0.003574 seconds.
Begin MonoManager ReloadAssembly
Native extension for WindowsStandalone target not found
Refreshing native plugins compatible for Editor in 0.34 ms, found 0 plugins.
Preloading 0 native plugins for Editor in 0.00 ms.
Warning: Annotation not found!
UnityEngine.StackTraceUtility:ExtractStackTrace ()
UnityEditor.ProBuilder.EditorUtility:SetGizmoIconEnabled (System.Type,bool) (at Library/PackageCache/com.unity.probuilder@4.5.0/Editor/EditorCore/EditorUtility.cs:593)
UnityEditor.ProBuilder.HierarchyListener:.cctor () (at Library/PackageCache/com.unity.probuilder@4.5.0/Editor/EditorCore/HierarchyListener.cs:21)
System.Runtime.CompilerServices.RuntimeHelpers:RunClassConstructor (System.RuntimeTypeHandle)
UnityEditor.EditorAssemblies:ProcessInitializeOnLoadAttributes (System.Type[])

[Library/PackageCache/com.unity.probuilder@4.5.0/Editor/EditorCore/EditorUtility.cs line 593]

Mono: successfully reloaded assembly
- Completed reload, in  2.291 seconds
Platform modules already initialized, skipping
Refreshing native plugins compatible for Editor in 0.37 ms, found 0 plugins.
Preloading 0 native plugins for Editor in 0.00 ms.
Unloading 1450 Unused Serialized files (Serialized files now loaded: 0)
System memory in use before: 73.0 MB.
System memory in use after: 73.1 MB.

Unloading 5 unused Assets to reduce memory usage. Loaded Objects now: 1934.
Total: 3.389400 ms (FindLiveObjects: 0.219400 ms CreateObjectMapping: 0.076700 ms MarkObjects: 3.002100 ms  DeleteObjects: 0.089700 ms)

========================================================================
Received Prepare
Registering precompiled user dll's ...
Registered in 0.004241 seconds.
Begin MonoManager ReloadAssembly
Native extension for WindowsStandalone target not found
Refreshing native plugins compatible for Editor in 0.53 ms, found 0 plugins.
Preloading 0 native plugins for Editor in 0.00 ms.
Warning: Annotation not found!
UnityEngine.StackTraceUtility:ExtractStackTrace ()
UnityEditor.ProBuilder.EditorUtility:SetGizmoIconEnabled (System.Type,bool) (at Library/PackageCache/com.unity.probuilder@4.5.0/Editor/EditorCore/EditorUtility.cs:593)
UnityEditor.ProBuilder.HierarchyListener:.cctor () (at Library/PackageCache/com.unity.probuilder@4.5.0/Editor/EditorCore/HierarchyListener.cs:21)
System.Runtime.CompilerServices.RuntimeHelpers:RunClassConstructor (System.RuntimeTypeHandle)
UnityEditor.EditorAssemblies:ProcessInitializeOnLoadAttributes (System.Type[])

[Library/PackageCache/com.unity.probuilder@4.5.0/Editor/EditorCore/EditorUtility.cs line 593]

Mono: successfully reloaded assembly
- Completed reload, in  3.473 seconds
Platform modules already initialized, skipping
Refreshing native plugins compatible for Editor in 0.75 ms, found 0 plugins.
Preloading 0 native plugins for Editor in 0.00 ms.
Unloading 1450 Unused Serialized files (Serialized files now loaded: 0)
System memory in use before: 73.1 MB.
System memory in use after: 73.1 MB.

Unloading 5 unused Assets to reduce memory usage. Loaded Objects now: 1937.
Total: 3.283100 ms (FindLiveObjects: 0.310200 ms CreateObjectMapping: 0.079800 ms MarkObjects: 2.779200 ms  DeleteObjects: 0.110600 ms)

========================================================================
Received Import Request.
  Time since last request: 809.779340 seconds.
  path: Assets/Imports/Script/HUDCurrentBuff.cs
  artifactKey: Guid(b400a8c3ac1698842a0009afe13d1ad3) Importer(815301076,1909f56bfc062723c751e8b465ee728b)
Start importing Assets/Imports/Script/HUDCurrentBuff.cs using Guid(b400a8c3ac1698842a0009afe13d1ad3) Importer(815301076,1909f56bfc062723c751e8b465ee728b)  -> (artifact id: 'a2dfc960e7fcbd5b3113a9c0571e98ea') in 0.031009 seconds
  Import took 0.040240 seconds .

========================================================================
Received Import Request.
  Time since last request: 0.125552 seconds.
  path: Assets/Imports/Script/HUDCurrentBuff.cs
  artifactKey: Guid(b400a8c3ac1698842a0009afe13d1ad3) Importer(815301076,1909f56bfc062723c751e8b465ee728b)
Start importing Assets/Imports/Script/HUDCurrentBuff.cs using Guid(b400a8c3ac1698842a0009afe13d1ad3) Importer(815301076,1909f56bfc062723c751e8b465ee728b)  -> (artifact id: 'a2dfc960e7fcbd5b3113a9c0571e98ea') in 0.016363 seconds
  Import took 0.051200 seconds .

========================================================================
Received Prepare
Registering precompiled user dll's ...
Registered in 0.002947 seconds.
Begin MonoManager ReloadAssembly
Native extension for WindowsStandalone target not found
Refreshing native plugins compatible for Editor in 1.02 ms, found 0 plugins.
Preloading 0 native plugins for Editor in 0.00 ms.
Warning: Annotation not found!
UnityEngine.StackTraceUtility:ExtractStackTrace ()
UnityEditor.ProBuilder.EditorUtility:SetGizmoIconEnabled (System.Type,bool) (at Library/PackageCache/com.unity.probuilder@4.5.0/Editor/EditorCore/EditorUtility.cs:593)
UnityEditor.ProBuilder.HierarchyListener:.cctor () (at Library/PackageCache/com.unity.probuilder@4.5.0/Editor/EditorCore/HierarchyListener.cs:21)
System.Runtime.CompilerServices.RuntimeHelpers:RunClassConstructor (System.RuntimeTypeHandle)
UnityEditor.EditorAssemblies:ProcessInitializeOnLoadAttributes (System.Type[])

[Library/PackageCache/com.unity.probuilder@4.5.0/Editor/EditorCore/EditorUtility.cs line 593]

Mono: successfully reloaded assembly
- Completed reload, in  3.624 seconds
Platform modules already initialized, skipping
Refreshing native plugins compatible for Editor in 0.90 ms, found 0 plugins.
Preloading 0 native plugins for Editor in 0.00 ms.
Unloading 1450 Unused Serialized files (Serialized files now loaded: 0)
System memory in use before: 73.1 MB.
System memory in use after: 73.1 MB.

Unloading 5 unused Assets to reduce memory usage. Loaded Objects now: 1940.
Total: 9.844300 ms (FindLiveObjects: 0.559800 ms CreateObjectMapping: 0.221700 ms MarkObjects: 8.743800 ms  DeleteObjects: 0.313500 ms)

========================================================================
Received Prepare
Registering precompiled user dll's ...
Registered in 0.003796 seconds.
Begin MonoManager ReloadAssembly
Native extension for WindowsStandalone target not found
Refreshing native plugins compatible for Editor in 0.51 ms, found 0 plugins.
Preloading 0 native plugins for Editor in 0.00 ms.
Warning: Annotation not found!
UnityEngine.StackTraceUtility:ExtractStackTrace ()
UnityEditor.ProBuilder.EditorUtility:SetGizmoIconEnabled (System.Type,bool) (at Library/PackageCache/com.unity.probuilder@4.5.0/Editor/EditorCore/EditorUtility.cs:593)
UnityEditor.ProBuilder.HierarchyListener:.cctor () (at Library/PackageCache/com.unity.probuilder@4.5.0/Editor/EditorCore/HierarchyListener.cs:21)
System.Runtime.CompilerServices.RuntimeHelpers:RunClassConstructor (System.RuntimeTypeHandle)
UnityEditor.EditorAssemblies:ProcessInitializeOnLoadAttributes (System.Type[])

[Library/PackageCache/com.unity.probuilder@4.5.0/Editor/EditorCore/EditorUtility.cs line 593]

Mono: successfully reloaded assembly
- Completed reload, in  3.012 seconds
Platform modules already initialized, skipping
Refreshing native plugins compatible for Editor in 0.42 ms, found 0 plugins.
Preloading 0 native plugins for Editor in 0.00 ms.
Unloading 1450 Unused Serialized files (Serialized files now loaded: 0)
System memory in use before: 73.1 MB.
System memory in use after: 73.1 MB.

Unloading 5 unused Assets to reduce memory usage. Loaded Objects now: 1943.
Total: 3.599500 ms (FindLiveObjects: 0.233700 ms CreateObjectMapping: 0.088600 ms MarkObjects: 3.108200 ms  DeleteObjects: 0.167400 ms)

========================================================================
Received Import Request.
  Time since last request: 46.794260 seconds.
  path: Assets/Imports/Script/HUDCurrentBuff.cs
  artifactKey: Guid(b400a8c3ac1698842a0009afe13d1ad3) Importer(815301076,1909f56bfc062723c751e8b465ee728b)
Start importing Assets/Imports/Script/HUDCurrentBuff.cs using Guid(b400a8c3ac1698842a0009afe13d1ad3) Importer(815301076,1909f56bfc062723c751e8b465ee728b)  -> (artifact id: '92d66f49efa498d356c0847af8e33143') in 0.021719 seconds
  Import took 0.027928 seconds .

========================================================================
Received Prepare
Registering precompiled user dll's ...
Registered in 0.002766 seconds.
Begin MonoManager ReloadAssembly
Native extension for WindowsStandalone target not found
Refreshing native plugins compatible for Editor in 0.53 ms, found 0 plugins.
Preloading 0 native plugins for Editor in 0.00 ms.
Warning: Annotation not found!
UnityEngine.StackTraceUtility:ExtractStackTrace ()
UnityEditor.ProBuilder.EditorUtility:SetGizmoIconEnabled (System.Type,bool) (at Library/PackageCache/com.unity.probuilder@4.5.0/Editor/EditorCore/EditorUtility.cs:593)
UnityEditor.ProBuilder.HierarchyListener:.cctor () (at Library/PackageCache/com.unity.probuilder@4.5.0/Editor/EditorCore/HierarchyListener.cs:21)
System.Runtime.CompilerServices.RuntimeHelpers:RunClassConstructor (System.RuntimeTypeHandle)
UnityEditor.EditorAssemblies:ProcessInitializeOnLoadAttributes (System.Type[])

[Library/PackageCache/com.unity.probuilder@4.5.0/Editor/EditorCore/EditorUtility.cs line 593]

Mono: successfully reloaded assembly
- Completed reload, in  3.030 seconds
Platform modules already initialized, skipping
Refreshing native plugins compatible for Editor in 0.73 ms, found 0 plugins.
Preloading 0 native plugins for Editor in 0.00 ms.
Unloading 1450 Unused Serialized files (Serialized files now loaded: 0)
System memory in use before: 73.1 MB.
System memory in use after: 73.1 MB.

Unloading 5 unused Assets to reduce memory usage. Loaded Objects now: 1946.
Total: 3.357800 ms (FindLiveObjects: 0.287100 ms CreateObjectMapping: 0.097300 ms MarkObjects: 2.855600 ms  DeleteObjects: 0.115200 ms)

========================================================================
Received Prepare
Registering precompiled user dll's ...
Registered in 0.003734 seconds.
Begin MonoManager ReloadAssembly
Native extension for WindowsStandalone target not found
Refreshing native plugins compatible for Editor in 0.52 ms, found 0 plugins.
Preloading 0 native plugins for Editor in 0.00 ms.
Warning: Annotation not found!
UnityEngine.StackTraceUtility:ExtractStackTrace ()
UnityEditor.ProBuilder.EditorUtility:SetGizmoIconEnabled (System.Type,bool) (at Library/PackageCache/com.unity.probuilder@4.5.0/Editor/EditorCore/EditorUtility.cs:593)
UnityEditor.ProBuilder.HierarchyListener:.cctor () (at Library/PackageCache/com.unity.probuilder@4.5.0/Editor/EditorCore/HierarchyListener.cs:21)
System.Runtime.CompilerServices.RuntimeHelpers:RunClassConstructor (System.RuntimeTypeHandle)
UnityEditor.EditorAssemblies:ProcessInitializeOnLoadAttributes (System.Type[])

[Library/PackageCache/com.unity.probuilder@4.5.0/Editor/EditorCore/EditorUtility.cs line 593]

Mono: successfully reloaded assembly
- Completed reload, in  3.550 seconds
Platform modules already initialized, skipping
Refreshing native plugins compatible for Editor in 0.80 ms, found 0 plugins.
Preloading 0 native plugins for Editor in 0.00 ms.
Unloading 1450 Unused Serialized files (Serialized files now loaded: 0)
System memory in use before: 73.1 MB.
System memory in use after: 73.1 MB.

Unloading 5 unused Assets to reduce memory usage. Loaded Objects now: 1949.
Total: 6.879500 ms (FindLiveObjects: 0.389800 ms CreateObjectMapping: 0.185800 ms MarkObjects: 6.100700 ms  DeleteObjects: 0.199000 ms)

========================================================================
Received Import Request.
  Time since last request: 171.821706 seconds.
  path: Assets/Imports/Script/HUDCurrentBuff.cs
  artifactKey: Guid(b400a8c3ac1698842a0009afe13d1ad3) Importer(815301076,1909f56bfc062723c751e8b465ee728b)
Start importing Assets/Imports/Script/HUDCurrentBuff.cs using Guid(b400a8c3ac1698842a0009afe13d1ad3) Importer(815301076,1909f56bfc062723c751e8b465ee728b)  -> (artifact id: '8ef44e4f6d2a6f97e93cc193c5de40b6') in 0.076292 seconds
  Import took 0.084615 seconds .

========================================================================
Received Prepare
Registering precompiled user dll's ...
Registered in 0.002784 seconds.
Begin MonoManager ReloadAssembly
Native extension for WindowsStandalone target not found
Refreshing native plugins compatible for Editor in 0.73 ms, found 0 plugins.
Preloading 0 native plugins for Editor in 0.00 ms.
Warning: Annotation not found!
UnityEngine.StackTraceUtility:ExtractStackTrace ()
UnityEditor.ProBuilder.EditorUtility:SetGizmoIconEnabled (System.Type,bool) (at Library/PackageCache/com.unity.probuilder@4.5.0/Editor/EditorCore/EditorUtility.cs:593)
UnityEditor.ProBuilder.HierarchyListener:.cctor () (at Library/PackageCache/com.unity.probuilder@4.5.0/Editor/EditorCore/HierarchyListener.cs:21)
System.Runtime.CompilerServices.RuntimeHelpers:RunClassConstructor (System.RuntimeTypeHandle)
UnityEditor.EditorAssemblies:ProcessInitializeOnLoadAttributes (System.Type[])

[Library/PackageCache/com.unity.probuilder@4.5.0/Editor/EditorCore/EditorUtility.cs line 593]

Mono: successfully reloaded assembly
- Completed reload, in  3.354 seconds
Platform modules already initialized, skipping
Refreshing native plugins compatible for Editor in 0.66 ms, found 0 plugins.
Preloading 0 native plugins for Editor in 0.00 ms.
Unloading 1450 Unused Serialized files (Serialized files now loaded: 0)
System memory in use before: 73.1 MB.
System memory in use after: 73.2 MB.

Unloading 5 unused Assets to reduce memory usage. Loaded Objects now: 1952.
Total: 3.638900 ms (FindLiveObjects: 0.351600 ms CreateObjectMapping: 0.135700 ms MarkObjects: 3.034800 ms  DeleteObjects: 0.114900 ms)

========================================================================
Received Prepare
Registering precompiled user dll's ...
Registered in 0.003919 seconds.
Begin MonoManager ReloadAssembly
Native extension for WindowsStandalone target not found
Refreshing native plugins compatible for Editor in 0.91 ms, found 0 plugins.
Preloading 0 native plugins for Editor in 0.00 ms.
Warning: Annotation not found!
UnityEngine.StackTraceUtility:ExtractStackTrace ()
UnityEditor.ProBuilder.EditorUtility:SetGizmoIconEnabled (System.Type,bool) (at Library/PackageCache/com.unity.probuilder@4.5.0/Editor/EditorCore/EditorUtility.cs:593)
UnityEditor.ProBuilder.HierarchyListener:.cctor () (at Library/PackageCache/com.unity.probuilder@4.5.0/Editor/EditorCore/HierarchyListener.cs:21)
System.Runtime.CompilerServices.RuntimeHelpers:RunClassConstructor (System.RuntimeTypeHandle)
UnityEditor.EditorAssemblies:ProcessInitializeOnLoadAttributes (System.Type[])

[Library/PackageCache/com.unity.probuilder@4.5.0/Editor/EditorCore/EditorUtility.cs line 593]

Mono: successfully reloaded assembly
- Completed reload, in  3.785 seconds
Platform modules already initialized, skipping
Refreshing native plugins compatible for Editor in 1.39 ms, found 0 plugins.
Preloading 0 native plugins for Editor in 0.00 ms.
Unloading 1450 Unused Serialized files (Serialized files now loaded: 0)
System memory in use before: 73.1 MB.
System memory in use after: 73.2 MB.

Unloading 5 unused Assets to reduce memory usage. Loaded Objects now: 1955.
Total: 8.850100 ms (FindLiveObjects: 0.515500 ms CreateObjectMapping: 0.292300 ms MarkObjects: 7.804000 ms  DeleteObjects: 0.232300 ms)

========================================================================
Received Import Request.
  Time since last request: 204.046593 seconds.
  path: Assets/Imports/Script/HUDCurrentBuff.cs
  artifactKey: Guid(b400a8c3ac1698842a0009afe13d1ad3) Importer(815301076,1909f56bfc062723c751e8b465ee728b)
Start importing Assets/Imports/Script/HUDCurrentBuff.cs using Guid(b400a8c3ac1698842a0009afe13d1ad3) Importer(815301076,1909f56bfc062723c751e8b465ee728b)  -> (artifact id: '6c6358cac487719d0d216f8306785030') in 0.090199 seconds
  Import took 0.103455 seconds .

========================================================================
Received Import Request.
  Time since last request: 0.011090 seconds.
  path: Assets/Imports/Script/HUDCurrentBuff.cs
  artifactKey: Guid(b400a8c3ac1698842a0009afe13d1ad3) Importer(815301076,1909f56bfc062723c751e8b465ee728b)
Start importing Assets/Imports/Script/HUDCurrentBuff.cs using Guid(b400a8c3ac1698842a0009afe13d1ad3) Importer(815301076,1909f56bfc062723c751e8b465ee728b)  -> (artifact id: '6c6358cac487719d0d216f8306785030') in 0.035037 seconds
  Import took 0.049000 seconds .

========================================================================
Received Import Request.
  Time since last request: 4717.664920 seconds.
  path: Assets/Imports/Script/HUDCurrentWeapon.cs
  artifactKey: Guid(7bf2d5eb4ad0f02468b5cd7c155adc2a) Importer(815301076,1909f56bfc062723c751e8b465ee728b)
Start importing Assets/Imports/Script/HUDCurrentWeapon.cs using Guid(7bf2d5eb4ad0f02468b5cd7c155adc2a) Importer(815301076,1909f56bfc062723c751e8b465ee728b)  -> (artifact id: '6e417d9ada69ca5bb974fef543e54bbf') in 0.016596 seconds
  Import took 0.076227 seconds .

AssetImportWorkerClient::OnTransportError - code=2 error=End of file
